<?xml version="1.0" encoding="UTF-8"?>
<testsuite name="com.bokky.extensionblocker.controller.FixedExtensionControllerTest" tests="1" skipped="0" failures="0" errors="0" timestamp="2025-07-26T03:59:39" hostname="BOKKYGALAXY" time="0.571">
  <properties/>
  <testcase name="고정 확장자 목록 조회 API는 확장자 리스트를 반환해야 한다" classname="com.bokky.extensionblocker.controller.FixedExtensionControllerTest" time="0.571"/>
  <system-out><![CDATA[12:59:33.051 [Test worker] INFO org.springframework.boot.test.context.SpringBootTestContextBootstrapper -- Found @SpringBootConfiguration com.bokky.extensionblocker.ExtensionBlockerApplication for test class com.bokky.extensionblocker.controller.FixedExtensionControllerTest

  .   ____          _            __ _ _
 /\\ / ___'_ __ _ _(_)_ __  __ _ \ \ \ \
( ( )\___ | '_ | '_| | '_ \/ _` | \ \ \ \
 \\/  ___)| |_)| | | | | || (_| |  ) ) ) )
  '  |____| .__|_| |_|_| |_\__, | / / / /
 =========|_|==============|___/=/_/_/_/

 :: Spring Boot ::                (v3.4.1)

2025-07-26T12:59:33.859+09:00  INFO 19040 --- [extensionblocker] [    Test worker] c.b.e.c.FixedExtensionControllerTest     : Starting FixedExtensionControllerTest using Java 17.0.13 with PID 19040 (started by BO in C:\javaworks\workspace\springbootreact\extensionblocker\backend)
2025-07-26T12:59:33.859+09:00  INFO 19040 --- [extensionblocker] [    Test worker] c.b.e.c.FixedExtensionControllerTest     : No active profile set, falling back to 1 default profile: "default"
2025-07-26T12:59:38.985+09:00  INFO 19040 --- [extensionblocker] [    Test worker] o.s.b.t.m.w.SpringBootMockServletContext : Initializing Spring TestDispatcherServlet ''
2025-07-26T12:59:38.985+09:00  INFO 19040 --- [extensionblocker] [    Test worker] o.s.t.web.servlet.TestDispatcherServlet  : Initializing Servlet ''
2025-07-26T12:59:38.994+09:00  INFO 19040 --- [extensionblocker] [    Test worker] o.s.t.web.servlet.TestDispatcherServlet  : Completed initialization in 0 ms
2025-07-26T12:59:39.096+09:00  INFO 19040 --- [extensionblocker] [    Test worker] c.b.e.c.FixedExtensionControllerTest     : Started FixedExtensionControllerTest in 5.926 seconds (process running for 8.241)
]]></system-out>
  <system-err><![CDATA[]]></system-err>
</testsuite>
